SF:lib/models/article.dart
DA:41,6
DA:74,1
DA:75,1
DA:76,1
DA:77,1
DA:78,1
DA:79,1
DA:80,1
DA:81,2
DA:102,2
DA:103,2
DA:104,2
DA:105,2
DA:106,2
DA:107,2
DA:108,2
DA:109,6
DA:121,2
DA:124,4
DA:134,1
DA:135,2
DA:144,1
DA:146,3
LF:23
LH:23
end_of_record
SF:lib/services/firecrawl_service.dart
DA:143,1
DA:146,3
DA:148,1
DA:154,0
DA:158,0
DA:159,0
DA:160,0
DA:162,0
DA:164,0
DA:165,0
DA:166,0
DA:172,0
DA:173,0
DA:174,0
DA:176,0
DA:178,0
DA:181,0
DA:182,0
DA:183,0
DA:185,0
DA:186,0
DA:187,0
DA:192,0
DA:197,0
DA:223,1
DA:227,1
DA:230,3
DA:231,3
DA:234,1
DA:235,3
DA:238,1
DA:241,3
DA:242,0
DA:262,0
DA:265,0
DA:266,0
DA:267,0
DA:270,0
DA:271,0
DA:272,0
DA:273,0
DA:274,0
DA:277,0
DA:278,0
DA:282,0
DA:283,0
DA:286,0
DA:292,8
DA:295,5
DA:296,10
LF:50
LH:14
end_of_record
SF:lib/providers/news_provider.dart
DA:87,4
DA:88,2
DA:89,4
DA:90,4
DA:91,0
DA:93,8
DA:96,2
DA:97,2
DA:102,6
DA:106,1
DA:107,1
DA:108,1
DA:112,1
DA:114,2
DA:115,1
DA:129,2
DA:131,1
DA:145,2
DA:147,1
DA:163,2
DA:165,1
DA:181,2
DA:183,1
DA:199,2
DA:201,1
DA:217,2
DA:219,1
DA:235,2
DA:237,1
DA:253,2
DA:258,0
DA:261,1
DA:262,1
DA:266,1
DA:280,1
DA:282,0
DA:285,0
DA:287,0
DA:293,0
DA:294,0
DA:297,0
DA:301,0
DA:304,0
DA:307,0
DA:311,0
DA:314,0
DA:315,0
DA:324,0
DA:325,0
DA:346,1
DA:347,1
DA:348,1
DA:349,1
DA:353,1
DA:356,2
DA:357,1
DA:360,0
DA:363,1
DA:364,1
DA:368,1
DA:388,1
DA:390,2
DA:391,1
DA:392,1
DA:398,2
DA:400,1
DA:406,2
DA:409,2
DA:410,1
DA:411,1
DA:417,2
DA:419,1
DA:425,2
DA:428,2
DA:429,1
DA:430,1
DA:436,2
DA:438,1
DA:444,2
DA:447,3
DA:448,1
DA:449,1
DA:455,2
DA:457,1
DA:463,2
DA:468,1
DA:491,2
DA:493,4
DA:494,0
DA:497,4
DA:499,2
DA:518,1
DA:519,6
DA:520,2
DA:522,2
DA:526,0
DA:529,1
DA:548,1
DA:549,5
DA:551,2
DA:555,0
DA:558,1
DA:573,1
DA:574,5
DA:581,2
DA:583,4
DA:584,2
LF:107
LH:87
end_of_record
SF:lib/screens/home_screen.dart
DA:127,10
DA:129,4
DA:130,4
DA:178,4
DA:180,4
DA:181,4
DA:192,4
DA:205,4
DA:206,4
DA:208,4
DA:209,4
DA:210,4
DA:212,4
DA:214,0
DA:215,0
DA:217,0
DA:223,4
DA:225,4
DA:226,4
DA:227,4
DA:229,4
DA:231,0
DA:232,0
DA:234,0
DA:240,4
DA:242,4
DA:243,4
DA:244,4
DA:246,4
DA:248,0
DA:249,0
DA:251,0
DA:259,12
DA:260,4
DA:261,4
DA:262,4
DA:265,4
DA:266,4
DA:270,4
DA:271,4
DA:272,4
DA:278,4
DA:280,4
DA:281,2
DA:282,4
DA:283,2
DA:289,4
DA:317,4
DA:318,4
DA:319,4
DA:328,4
DA:329,4
DA:330,4
DA:336,4
DA:338,1
DA:339,1
LF:56
LH:47
end_of_record
SF:lib/screens/auth/login_screen.dart
DA:153,9
DA:155,3
DA:156,3
DA:191,3
DA:192,6
DA:193,3
DA:198,6
DA:199,9
DA:202,2
DA:203,3
DA:208,6
DA:209,3
DA:233,3
DA:235,3
DA:236,3
DA:244,3
DA:245,3
DA:247,3
DA:249,3
DA:273,3
DA:277,3
DA:278,3
DA:279,3
DA:280,1
DA:282,1
DA:283,2
DA:290,3
DA:291,3
DA:292,3
DA:297,3
DA:298,3
DA:301,3
LF:32
LH:32
end_of_record
SF:lib/services/database_service.dart
DA:171,3
DA:181,9
DA:209,3
DA:211,3
DA:232,3
DA:233,3
DA:234,1
DA:235,1
DA:238,1
DA:239,1
DA:253,0
DA:254,0
DA:256,0
DA:258,0
DA:281,1
DA:282,1
DA:312,1
DA:313,1
DA:315,2
DA:316,1
DA:318,1
DA:339,1
DA:340,1
DA:341,1
DA:343,1
DA:345,2
DA:370,2
DA:371,2
DA:372,0
DA:373,0
DA:374,0
DA:375,0
DA:376,0
DA:377,0
DA:378,0
DA:379,0
DA:380,0
DA:401,1
DA:402,1
DA:403,1
DA:406,1
DA:424,0
DA:425,0
DA:426,0
LF:44
LH:28
end_of_record
SF:lib/screens/search_screen.dart
DA:136,9
DA:138,5
DA:139,5
DA:161,5
DA:163,10
DA:164,5
DA:183,0
DA:184,0
DA:185,0
DA:186,0
DA:188,0
DA:207,5
DA:208,5
DA:209,5
DA:211,5
DA:212,5
DA:215,5
DA:218,5
DA:220,5
DA:222,5
DA:227,5
DA:229,5
DA:231,5
DA:256,1
DA:257,2
DA:259,1
DA:260,1
DA:262,1
DA:264,1
DA:265,1
DA:268,1
DA:271,1
DA:272,2
DA:273,1
DA:275,1
DA:281,1
DA:283,1
DA:285,1
DA:289,1
DA:292,1
DA:293,1
DA:294,1
DA:295,1
DA:296,1
DA:297,1
DA:301,1
DA:302,0
DA:303,0
DA:304,0
DA:305,0
DA:330,1
DA:331,1
DA:332,1
DA:333,0
DA:334,0
DA:335,0
DA:336,0
DA:338,1
DA:339,2
DA:364,5
DA:366,5
DA:368,5
DA:369,5
DA:370,5
DA:371,5
DA:374,5
DA:375,5
DA:380,5
DA:381,5
DA:382,5
DA:383,5
DA:388,5
DA:398,5
DA:412,5
DA:414,5
DA:416,5
DA:417,5
DA:419,5
DA:420,5
DA:421,5
DA:422,5
DA:428,5
DA:429,5
DA:430,5
DA:432,10
DA:435,5
DA:436,5
DA:443,5
DA:445,5
DA:446,15
DA:447,1
DA:449,1
DA:450,1
DA:451,1
DA:453,1
DA:454,2
DA:455,1
DA:456,2
DA:457,1
DA:458,2
DA:462,5
DA:464,5
DA:468,5
DA:470,5
DA:472,1
DA:473,3
DA:474,3
DA:482,1
DA:483,1
DA:484,1
DA:487,1
DA:488,2
DA:497,5
DA:508,5
DA:509,5
DA:510,10
DA:511,5
DA:513,5
DA:514,20
DA:515,10
DA:516,5
DA:517,1
DA:520,1
DA:522,2
DA:523,1
DA:524,3
LF:126
LH:113
end_of_record
SF:lib/screens/saved_articles_screen.dart
DA:154,9
DA:171,3
DA:172,3
DA:173,3
DA:175,3
DA:176,3
DA:179,3
DA:180,3
DA:183,3
DA:184,3
DA:185,3
DA:188,3
DA:189,3
DA:190,3
DA:191,3
DA:197,3
DA:200,3
DA:204,3
DA:206,3
DA:208,3
DA:213,3
DA:215,3
DA:217,3
DA:219,3
DA:226,3
DA:227,3
DA:231,3
DA:232,3
DA:233,3
DA:234,3
DA:240,3
DA:241,0
DA:242,0
DA:244,3
DA:248,3
DA:249,3
DA:290,3
DA:292,3
DA:293,3
DA:294,3
DA:295,3
DA:306,3
DA:319,3
DA:320,6
DA:321,1
DA:323,1
DA:324,1
DA:325,1
DA:327,1
DA:329,1
DA:330,1
DA:332,1
DA:333,1
DA:334,1
DA:335,1
DA:337,1
DA:338,1
DA:339,1
DA:341,1
DA:350,1
DA:351,1
DA:352,3
DA:353,1
DA:355,2
DA:358,1
DA:359,1
DA:361,2
DA:362,2
DA:363,2
DA:365,2
DA:366,2
DA:367,1
DA:371,1
DA:372,1
DA:377,1
DA:393,3
DA:394,3
DA:395,3
DA:398,3
DA:399,3
DA:404,6
DA:405,3
DA:406,1
DA:408,2
DA:409,1
DA:410,2
DA:411,1
DA:413,1
DA:414,2
DA:416,1
DA:420,1
DA:421,1
DA:445,1
DA:446,1
DA:448,1
DA:449,1
DA:450,1
DA:451,1
DA:453,1
DA:454,1
DA:455,1
DA:457,1
DA:463,1
DA:464,2
DA:466,1
DA:467,1
DA:468,3
DA:469,1
DA:471,2
DA:474,1
DA:475,3
DA:476,1
DA:487,1
DA:488,2
DA:489,2
DA:490,1
DA:494,1
DA:495,1
DA:497,1
DA:500,1
DA:501,1
DA:507,1
LF:122
LH:120
end_of_record
SF:lib/screens/location_screen.dart
DA:150,8
DA:152,0
DA:153,0
DA:195,0
DA:197,0
DA:198,0
DA:200,0
DA:205,0
DA:206,0
DA:207,0
DA:209,0
DA:210,0
DA:212,0
DA:213,0
DA:215,0
DA:218,0
DA:234,0
DA:248,0
DA:259,0
DA:260,0
DA:261,0
DA:262,0
DA:263,0
DA:270,0
DA:272,0
DA:273,0
DA:274,0
DA:276,0
DA:281,0
DA:282,0
DA:284,0
DA:286,0
DA:287,0
DA:288,0
DA:290,0
DA:291,0
DA:292,0
DA:293,0
DA:295,0
DA:300,0
DA:301,0
DA:302,0
DA:303,0
DA:305,0
DA:310,0
DA:311,0
DA:312,0
DA:315,0
DA:319,0
DA:321,0
DA:324,0
DA:325,0
DA:326,0
DA:329,0
DA:331,0
DA:332,0
DA:334,0
DA:336,0
DA:337,0
DA:364,0
DA:365,0
DA:379,0
DA:381,0
DA:382,0
DA:383,0
DA:386,0
DA:387,0
DA:388,0
DA:389,0
DA:390,0
DA:393,0
DA:394,0
DA:398,0
DA:399,0
DA:408,0
DA:409,0
DA:430,0
DA:442,0
DA:462,0
DA:463,0
DA:464,0
DA:491,0
DA:493,0
DA:495,0
DA:496,0
DA:497,0
DA:501,0
DA:502,0
DA:503,0
DA:506,0
DA:507,0
DA:508,0
DA:509,0
DA:514,0
DA:515,0
DA:516,0
DA:518,0
DA:519,0
DA:520,0
DA:539,0
DA:540,0
DA:541,0
DA:543,0
DA:544,0
DA:545,0
DA:546,0
DA:553,0
DA:554,0
DA:561,0
DA:562,0
DA:563,0
DA:564,0
DA:565,0
DA:566,0
DA:569,0
DA:571,0
DA:572,0
DA:573,0
DA:574,0
DA:579,0
DA:580,0
DA:581,0
DA:582,0
DA:585,0
DA:586,0
DA:587,0
DA:590,0
DA:591,0
DA:592,0
DA:593,0
DA:599,0
DA:601,0
DA:604,0
DA:605,0
DA:620,0
DA:621,0
DA:622,0
DA:623,0
DA:625,0
DA:626,0
DA:628,0
DA:629,0
DA:630,0
DA:632,0
DA:633,0
DA:634,0
DA:637,0
DA:639,0
DA:640,0
DA:645,0
DA:647,0
DA:650,0
DA:654,0
DA:656,0
DA:658,0
DA:671,0
DA:672,0
DA:674,0
DA:676,0
DA:678,0
DA:679,0
DA:680,0
DA:682,0
DA:683,0
DA:684,0
DA:685,0
DA:688,0
DA:689,0
DA:690,0
DA:695,0
DA:697,0
DA:698,0
DA:699,0
DA:700,0
DA:702,0
DA:703,0
DA:704,0
DA:706,0
DA:708,0
DA:713,0
DA:714,0
DA:716,0
DA:717,0
DA:719,0
DA:722,0
DA:726,0
DA:728,0
DA:730,0
DA:740,0
DA:741,0
DA:745,0
DA:748,0
DA:752,0
DA:755,0
DA:759,0
DA:761,0
DA:762,0
DA:764,0
DA:765,0
DA:766,0
DA:767,0
DA:769,0
DA:770,0
DA:771,0
DA:773,0
DA:774,0
DA:776,0
DA:777,0
DA:779,0
DA:781,0
DA:785,0
DA:786,0
DA:787,0
DA:789,0
DA:798,0
DA:799,0
DA:801,0
DA:802,0
DA:803,0
DA:804,0
DA:805,0
DA:808,0
DA:809,0
DA:810,0
DA:813,0
DA:815,0
DA:819,0
DA:821,0
DA:822,0
DA:837,0
DA:838,0
DA:840,0
DA:842,0
DA:843,0
DA:845,0
DA:846,0
DA:847,0
DA:849,0
DA:852,0
DA:856,0
DA:857,0
DA:859,0
DA:860,0
DA:862,0
DA:865,0
DA:870,0
DA:872,0
DA:874,0
DA:885,0
DA:886,0
DA:888,0
DA:890,0
DA:892,0
DA:893,0
DA:894,0
DA:895,0
DA:897,0
DA:898,0
DA:899,0
DA:901,0
DA:903,0
DA:908,0
DA:910,0
DA:913,0
DA:920,0
DA:921,0
DA:922,0
DA:924,0
DA:931,0
DA:932,0
DA:933,0
DA:940,0
DA:947,0
DA:955,0
DA:957,0
DA:959,0
DA:960,0
DA:961,0
DA:963,0
DA:964,0
DA:965,0
DA:966,0
DA:968,0
DA:969,0
DA:970,0
DA:972,0
DA:973,0
DA:974,0
DA:975,0
DA:976,0
DA:979,0
DA:981,0
DA:982,0
DA:988,0
DA:989,0
DA:991,0
DA:992,0
DA:993,0
DA:994,0
DA:997,0
DA:1001,0
DA:1002,0
DA:1003,0
DA:1008,0
DA:1009,0
DA:1010,0
DA:1012,0
DA:1013,0
DA:1014,0
DA:1017,0
DA:1022,0
DA:1025,0
DA:1028,0
DA:1030,0
DA:1032,0
DA:1038,0
DA:1039,0
DA:1040,0
DA:1043,0
DA:1046,0
DA:1047,0
DA:1048,0
DA:1050,0
DA:1058,0
DA:1061,0
DA:1072,0
DA:1073,0
DA:1075,0
DA:1077,0
DA:1079,0
DA:1080,0
DA:1081,0
DA:1083,0
DA:1085,0
DA:1086,0
DA:1087,0
DA:1090,0
DA:1091,0
DA:1092,0
DA:1096,0
DA:1097,0
DA:1098,0
DA:1100,0
DA:1101,0
DA:1104,0
DA:1107,0
DA:1111,0
DA:1113,0
DA:1116,0
DA:1121,0
DA:1123,0
DA:1125,0
DA:1132,0
DA:1135,0
DA:1136,0
DA:1137,0
DA:1138,0
DA:1139,0
DA:1142,0
DA:1143,0
DA:1144,0
DA:1145,0
DA:1151,0
DA:1152,0
DA:1153,0
DA:1157,0
DA:1158,0
DA:1161,0
DA:1171,0
DA:1172,0
DA:1181,0
DA:1183,0
DA:1185,0
DA:1186,0
DA:1187,0
DA:1188,0
DA:1190,0
DA:1191,0
DA:1192,0
DA:1194,0
DA:1198,0
DA:1200,0
DA:1202,0
DA:1206,0
DA:1208,0
DA:1210,0
DA:1215,0
DA:1216,0
DA:1217,0
DA:1221,0
DA:1222,0
LF:391
LH:1
end_of_record
SF:lib/screens/qr_code_scanner_screen.dart
DA:122,8
DA:124,0
DA:125,0
DA:158,0
DA:160,0
DA:163,0
DA:165,0
DA:166,0
DA:170,0
DA:171,0
DA:172,0
DA:175,0
DA:176,0
DA:177,0
DA:178,0
DA:179,0
DA:181,0
DA:187,0
DA:188,0
DA:192,0
DA:193,0
DA:197,0
DA:199,0
DA:209,0
DA:211,0
DA:212,0
DA:213,0
DA:217,0
DA:242,0
DA:244,0
DA:246,0
DA:247,0
DA:249,0
DA:250,0
DA:258,0
DA:260,0
DA:261,0
DA:263,0
DA:264,0
DA:265,0
DA:267,0
DA:274,0
DA:275,0
DA:281,0
DA:282,0
DA:283,0
DA:284,0
DA:286,0
DA:287,0
DA:288,0
DA:294,0
DA:295,0
DA:305,0
DA:306,0
DA:318,0
DA:319,0
DA:320,0
DA:321,0
DA:326,0
DA:327,0
DA:328,0
DA:329,0
DA:341,0
DA:342,0
DA:343,0
DA:344,0
DA:346,0
DA:350,0
DA:354,0
DA:355,0
DA:358,0
DA:360,0
DA:361,0
DA:362,0
DA:365,0
DA:366,0
DA:367,0
DA:385,0
DA:386,0
DA:394,0
DA:395,0
DA:396,0
DA:397,0
DA:398,0
DA:399,0
DA:401,0
DA:407,0
DA:408,0
DA:410,0
DA:411,0
DA:412,0
DA:413,0
DA:415,0
DA:416,0
DA:422,0
DA:428,0
DA:429,0
DA:441,0
DA:442,0
DA:444,0
DA:445,0
DA:447,0
DA:449,0
DA:451,0
DA:455,0
DA:456,0
DA:457,0
DA:459,0
DA:460,0
DA:461,0
DA:462,0
DA:467,0
DA:471,0
DA:473,0
DA:474,0
DA:477,0
DA:478,0
DA:479,0
DA:480,0
LF:119
LH:1
end_of_record
SF:lib/screens/voice_search_screen.dart
DA:157,8
DA:159,0
DA:160,0
DA:202,0
DA:204,0
DA:205,0
DA:230,0
DA:231,0
DA:232,0
DA:233,0
DA:234,0
DA:235,0
DA:239,0
DA:240,0
DA:241,0
DA:242,0
DA:248,0
DA:249,0
DA:250,0
DA:276,0
DA:277,0
DA:279,0
DA:280,0
DA:281,0
DA:284,0
DA:285,0
DA:286,0
DA:287,0
DA:308,0
DA:309,0
DA:310,0
DA:311,0
DA:336,0
DA:337,0
DA:338,0
DA:339,0
DA:340,0
DA:341,0
DA:343,0
DA:344,0
DA:345,0
DA:348,0
DA:349,0
DA:379,0
DA:381,0
DA:382,0
DA:393,0
DA:407,0
DA:408,0
DA:409,0
DA:412,0
DA:413,0
DA:418,0
DA:420,0
DA:421,0
DA:422,0
DA:423,0
DA:425,0
DA:427,0
DA:428,0
DA:429,0
DA:430,0
DA:436,0
DA:438,0
DA:440,0
DA:444,0
DA:446,0
DA:449,0
DA:450,0
DA:451,0
DA:453,0
DA:454,0
DA:455,0
DA:456,0
DA:461,0
DA:469,0
DA:471,0
DA:472,0
DA:475,0
DA:476,0
DA:479,0
DA:486,0
DA:487,0
DA:490,0
DA:491,0
DA:492,0
DA:494,0
DA:495,0
DA:497,0
DA:499,0
DA:500,0
DA:501,0
DA:502,0
DA:504,0
DA:508,0
DA:510,0
DA:513,0
DA:519,0
DA:520,0
DA:521,0
DA:523,0
DA:529,0
DA:531,0
DA:532,0
DA:535,0
DA:536,0
DA:537,0
DA:539,0
DA:540,0
DA:542,0
DA:543,0
DA:544,0
DA:546,0
DA:558,0
DA:560,0
DA:562,0
DA:563,0
DA:565,0
DA:568,0
DA:569,0
DA:570,0
DA:572,0
DA:573,0
DA:574,0
DA:580,0
DA:581,0
DA:582,0
DA:588,0
DA:589,0
DA:597,0
DA:598,0
DA:599,0
DA:603,0
DA:604,0
DA:605,0
DA:611,0
DA:612,0
DA:613,0
DA:617,0
DA:618,0
DA:641,0
DA:643,0
DA:644,0
LF:143
LH:1
end_of_record
SF:lib/screens/news_detail_screen.dart
DA:112,2
DA:114,2
DA:115,2
DA:141,2
DA:143,2
DA:144,6
DA:147,2
DA:148,0
DA:152,2
DA:154,4
DA:155,2
DA:164,2
DA:165,4
DA:167,0
DA:168,0
DA:172,0
DA:173,0
DA:175,0
DA:176,0
DA:180,0
DA:182,0
DA:183,0
DA:187,0
DA:188,0
DA:196,0
DA:197,0
DA:205,0
DA:206,0
DA:207,0
DA:229,0
DA:233,0
DA:235,0
DA:237,0
DA:240,0
DA:243,0
DA:245,0
DA:249,0
DA:250,0
DA:271,0
DA:272,0
DA:273,0
DA:277,0
DA:279,0
DA:284,0
DA:286,0
DA:288,0
DA:290,0
DA:291,0
DA:292,0
DA:293,0
DA:296,0
DA:297,0
DA:298,0
DA:299,0
DA:302,0
DA:304,0
DA:305,0
DA:306,0
DA:307,0
DA:308,0
DA:311,0
DA:313,0
DA:314,0
DA:315,0
DA:317,0
DA:320,0
DA:321,0
DA:322,0
DA:323,0
DA:360,2
DA:362,2
DA:364,2
DA:365,2
DA:376,2
DA:389,2
DA:390,2
DA:392,2
DA:393,2
DA:394,2
DA:396,2
DA:398,0
DA:404,2
DA:405,2
DA:406,2
DA:409,2
DA:410,2
DA:415,2
DA:417,2
DA:419,2
DA:421,4
DA:422,2
DA:423,2
DA:424,2
DA:425,2
DA:426,2
DA:427,2
DA:433,2
DA:434,2
DA:435,2
DA:436,4
DA:437,2
DA:438,4
DA:442,0
DA:444,0
DA:445,0
DA:446,0
DA:455,2
DA:457,2
DA:458,4
DA:459,6
DA:462,2
DA:465,2
DA:467,2
DA:469,2
DA:470,2
DA:471,2
DA:472,4
DA:474,2
DA:475,2
DA:476,2
DA:479,2
DA:482,2
DA:483,20
DA:484,6
DA:485,2
DA:492,2
DA:494,4
DA:495,2
DA:497,2
DA:498,2
DA:499,2
DA:500,4
DA:502,2
DA:503,4
DA:504,6
DA:506,2
DA:511,4
DA:513,0
DA:515,0
DA:516,0
DA:517,0
DA:518,0
DA:519,0
DA:520,0
DA:521,0
DA:527,0
DA:529,0
DA:530,0
DA:531,0
DA:532,0
DA:534,0
DA:535,0
DA:536,0
DA:537,0
DA:538,0
DA:540,0
DA:541,0
DA:545,0
DA:546,0
DA:547,0
DA:551,0
DA:552,0
DA:553,0
DA:556,0
DA:557,0
DA:558,0
DA:559,0
DA:564,0
DA:574,0
DA:580,6
DA:582,0
DA:583,0
DA:584,0
DA:585,0
DA:586,0
DA:587,0
DA:588,0
DA:591,0
DA:592,0
DA:593,0
DA:594,0
DA:600,0
DA:601,0
DA:602,0
DA:606,0
DA:607,0
DA:611,0
DA:612,0
DA:623,4
DA:625,0
DA:626,0
DA:628,0
DA:629,0
DA:630,0
DA:631,0
DA:633,0
DA:634,0
DA:637,0
DA:639,0
DA:640,0
DA:649,2
DA:651,2
DA:652,2
DA:654,2
DA:655,2
DA:656,2
DA:660,2
DA:661,2
DA:662,2
DA:663,2
DA:669,2
DA:670,0
DA:671,0
DA:672,0
DA:673,0
DA:676,2
DA:680,2
DA:681,2
DA:697,2
DA:698,2
DA:699,2
DA:700,2
DA:701,4
DA:702,6
DA:705,2
DA:706,2
DA:707,2
DA:708,6
DA:714,2
DA:715,2
DA:716,2
DA:720,2
DA:721,2
LF:233
LH:106
end_of_record
SF:lib/widgets/article_card.dart
DA:57,3
DA:76,3
DA:77,3
DA:80,3
DA:81,3
DA:84,3
DA:85,3
DA:86,3
DA:87,3
DA:114,0
DA:115,0
DA:118,0
DA:119,0
DA:120,0
DA:122,0
DA:124,0
DA:125,0
DA:128,0
DA:131,0
DA:133,0
DA:134,0
DA:157,3
DA:158,3
DA:159,3
DA:161,6
DA:162,8
DA:163,2
DA:164,0
DA:165,2
DA:166,0
DA:194,3
DA:196,3
DA:197,3
DA:198,9
DA:200,3
DA:203,3
DA:204,3
DA:206,3
DA:207,3
DA:208,2
DA:209,2
DA:211,2
DA:212,6
DA:216,3
DA:218,3
DA:219,6
DA:220,3
DA:224,3
DA:226,3
DA:227,6
DA:228,3
DA:229,6
DA:232,6
DA:233,0
DA:240,3
DA:242,3
DA:244,3
DA:245,3
DA:246,3
DA:247,3
DA:248,3
DA:249,6
DA:250,12
DA:258,3
DA:259,3
DA:260,3
DA:264,1
DA:266,3
DA:267,2
DA:274,2
DA:275,2
DA:288,6
DA:289,3
DA:290,6
DA:291,12
DA:292,3
DA:298,3
DA:299,3
DA:300,3
DA:301,3
DA:304,3
DA:307,3
DA:308,9
DA:309,12
DA:310,3
DA:315,6
DA:316,0
DA:318,0
DA:319,0
DA:320,0
DA:321,0
DA:323,0
DA:325,0
DA:326,0
DA:329,0
DA:332,0
DA:334,0
DA:336,0
DA:343,6
DA:344,0
DA:346,0
DA:347,0
DA:348,0
DA:349,0
DA:351,0
DA:353,0
DA:354,0
DA:357,0
DA:360,0
DA:362,0
DA:364,0
DA:371,3
DA:372,3
DA:375,3
LF:114
LH:75
end_of_record
